<?xml version="1.0" encoding="UTF-8"?>
<!-- Generated by org.testng.reporters.JUnitReportReporter -->
<testsuite hostname="DESKTOP-JHG8CIN" failures="0" tests="1" name="myTests.ProductOverview" time="33.092" errors="0" timestamp="2021-03-31T10:55:34 CST" skipped="0">
  <testcase classname="myTests.ProductOverview" name="productOverview" time="33.092"/>
  <system-out/>
</testsuite> <!-- myTests.ProductOverview -->
