<?xml version="1.0" encoding="UTF-8"?>
<!-- Generated by org.testng.reporters.JUnitReportReporter -->
<testsuite hostname="DESKTOP-JHG8CIN" failures="0" tests="1" name="myTests.SignInTest" time="10.081" errors="0" timestamp="2021-03-30T11:13:07 CST" skipped="0">
  <testcase classname="myTests.SignInTest" name="signIn" time="10.081"/>
  <system-out/>
</testsuite> <!-- myTests.SignInTest -->
