<?xml version="1.0" encoding="UTF-8"?>
<!-- Generated by org.testng.reporters.JUnitReportReporter -->
<testsuite hostname="MTYTM1J73MFW2" failures="0" tests="1" name="myTests.TestNGExample" time="0.017" errors="0" timestamp="2021-03-23T14:49:53 CST" skipped="0">
  <testcase classname="myTests.TestNGExample" name="printHomePageTittle" time="0.017"/>
  <system-out/>
</testsuite> <!-- myTests.TestNGExample -->
