<?xml version="1.0" encoding="UTF-8"?>
<!-- Generated by org.testng.reporters.JUnitReportReporter -->
<testsuite hostname="MTYTM1J73MFW2" failures="0" tests="1" name="myTests.PageFactoryTest" time="2.996" errors="0" timestamp="2021-03-23T15:20:04 CST" skipped="0">
  <testcase classname="myTests.PageFactoryTest" name="searchDresses" time="2.996"/>
  <system-out/>
</testsuite> <!-- myTests.PageFactoryTest -->
