<?xml version="1.0" encoding="UTF-8"?>
<!-- Generated by org.testng.reporters.JUnitReportReporter -->
<testsuite hostname="DESKTOP-JHG8CIN" failures="0" tests="1" name="myTests.PageFactoryTest" time="3.092" errors="0" timestamp="2021-03-30T11:11:26 CST" skipped="0">
  <testcase classname="myTests.PageFactoryTest" name="searchDresses" time="3.092"/>
  <system-out/>
</testsuite> <!-- myTests.PageFactoryTest -->
