<?xml version="1.0" encoding="UTF-8"?>
<!-- Generated by org.testng.reporters.JUnitReportReporter -->
<testsuite hostname="MTYTM1J73MFW2" failures="0" tests="1" name="pages.AuthenticationPage" time="2.309" errors="0" timestamp="2021-03-23T15:19:01 CST" skipped="0">
  <testcase classname="pages.AuthenticationPage" name="searchDresses" time="2.309"/>
  <system-out/>
</testsuite> <!-- pages.AuthenticationPage -->
